Watching for file changes with StatReloader
[2025-02-04 23:53:55] INFO autoreload Watching for file changes with StatReloader
[2025-02-04 23:53:58] INFO services [OTP_DEBUG] Generated OTP code: 372128
[2025-02-04 23:53:58] INFO services [OTP_DEBUG] Attempting to send SMS to 966555555555
[2025-02-04 23:53:58] INFO services [OTP_DEBUG] Message content: ZUWARA: Your phone verification code is: 372128. Do not share this code with anyone.
[2025-02-04 23:53:58] INFO services [OTP_DEBUG] Formatted number for sending: 555555555
[2025-02-04 23:53:58] INFO services [OTP_DEBUG] DEV MODE - SMS would be sent to 555555555
[2025-02-04 23:53:58] INFO services [OTP_DEBUG] DEV MODE - Message content: ZUWARA: Your phone verification code is: 372128. Do not share this code with anyone.
[2025-02-04 23:53:58] INFO services [DOCTOR_DEBUG] Created verification instance for test.doctor@alaqa.net
[04/Feb/2025 23:53:58] "POST /api/v1/doctors/register/initiate/ HTTP/1.1" 200 187
[2025-02-04 23:54:13] ERROR views [DOCTOR_DEBUG] Registration validation error: {'license_number': [ErrorDetail(string='Doctor with this license number already exists.', code='unique')], 'license_document': [ErrorDetail(string='No file was submitted.', code='required')], 'qualification_document': [ErrorDetail(string='No file was submitted.', code='required')]}
Bad Request: /api/v1/doctors/register/verify/
[2025-02-04 23:54:13] WARNING log Bad Request: /api/v1/doctors/register/verify/
[04/Feb/2025 23:54:13] "POST /api/v1/doctors/register/verify/ HTTP/1.1" 400 225
[2025-02-04 23:54:35] ERROR views [DOCTOR_DEBUG] Registration validation error: {'verification_id': [ErrorDetail(string='Invalid or expired verification', code='invalid')]}
Bad Request: /api/v1/doctors/register/verify/
[2025-02-04 23:54:35] WARNING log Bad Request: /api/v1/doctors/register/verify/
[04/Feb/2025 23:54:35] "POST /api/v1/doctors/register/verify/ HTTP/1.1" 400 112
[2025-02-04 23:54:42] INFO services [OTP_DEBUG] Generated OTP code: 936734
[2025-02-04 23:54:42] INFO services [OTP_DEBUG] Attempting to send SMS to 966555555555
[2025-02-04 23:54:42] INFO services [OTP_DEBUG] Message content: ZUWARA: Your phone verification code is: 936734. Do not share this code with anyone.
[2025-02-04 23:54:42] INFO services [OTP_DEBUG] Formatted number for sending: 555555555
[2025-02-04 23:54:42] INFO services [OTP_DEBUG] DEV MODE - SMS would be sent to 555555555
[2025-02-04 23:54:42] INFO services [OTP_DEBUG] DEV MODE - Message content: ZUWARA: Your phone verification code is: 936734. Do not share this code with anyone.
[2025-02-04 23:54:42] INFO services [DOCTOR_DEBUG] Created verification instance for test.doctor@alaqa.net
[04/Feb/2025 23:54:42] "POST /api/v1/doctors/register/initiate/ HTTP/1.1" 200 187
[2025-02-04 23:55:10] ERROR views [DOCTOR_DEBUG] Registration validation error: {'license_document': [ErrorDetail(string='The submitted data was not a file. Check the encoding type on the form.', code='invalid')], 'qualification_document': [ErrorDetail(string='The submitted data was not a file. Check the encoding type on the form.', code='invalid')]}
Bad Request: /api/v1/doctors/register/verify/
[2025-02-04 23:55:10] WARNING log Bad Request: /api/v1/doctors/register/verify/
[04/Feb/2025 23:55:10] "POST /api/v1/doctors/register/verify/ HTTP/1.1" 400 254
/Users/babarsultan/Documents/alaqa/alaqa-python/doctors/views.py changed, reloading.
[2025-02-04 23:56:03] INFO autoreload /Users/babarsultan/Documents/alaqa/alaqa-python/doctors/views.py changed, reloading.
Performing system checks...

System check identified no issues (0 silenced).
February 04, 2025 - 23:53:55
Django version 5.0.1, using settings 'config.settings'
Starting development server at http://127.0.0.1:8000/
Quit the server with CONTROL-C.

Watching for file changes with StatReloader
[2025-02-04 23:56:03] INFO autoreload Watching for file changes with StatReloader
[2025-02-04 23:56:10] INFO services [OTP_DEBUG] Generated OTP code: 125749
[2025-02-04 23:56:10] INFO services [OTP_DEBUG] Attempting to send SMS to 966555555555
[2025-02-04 23:56:10] INFO services [OTP_DEBUG] Message content: ZUWARA: Your phone verification code is: 125749. Do not share this code with anyone.
[2025-02-04 23:56:10] INFO services [OTP_DEBUG] Formatted number for sending: 555555555
[2025-02-04 23:56:10] INFO services [OTP_DEBUG] DEV MODE - SMS would be sent to 555555555
[2025-02-04 23:56:10] INFO services [OTP_DEBUG] DEV MODE - Message content: ZUWARA: Your phone verification code is: 125749. Do not share this code with anyone.
[2025-02-04 23:56:10] INFO services [DOCTOR_DEBUG] Created verification instance for test.doctor@alaqa.net
[04/Feb/2025 23:56:10] "POST /api/v1/doctors/register/initiate/ HTTP/1.1" 200 187
[2025-02-04 23:56:35] ERROR views [DOCTOR_DEBUG] Registration validation error: {'specialities': [ErrorDetail(string='One or more specialities do not exist.', code='invalid')]}
Bad Request: /api/v1/doctors/register/verify/
[2025-02-04 23:56:35] WARNING log Bad Request: /api/v1/doctors/register/verify/
[04/Feb/2025 23:56:35] "POST /api/v1/doctors/register/verify/ HTTP/1.1" 400 116
[2025-02-04 23:57:13] ERROR views [DOCTOR_DEBUG] Registration validation error: {'verification_id': [ErrorDetail(string='Invalid or expired verification', code='invalid')]}
Bad Request: /api/v1/doctors/register/verify/
[2025-02-04 23:57:13] WARNING log Bad Request: /api/v1/doctors/register/verify/
[04/Feb/2025 23:57:13] "POST /api/v1/doctors/register/verify/ HTTP/1.1" 400 112
[2025-02-04 23:57:21] INFO services [OTP_DEBUG] Generated OTP code: 964005
[2025-02-04 23:57:21] INFO services [OTP_DEBUG] Attempting to send SMS to 966555555555
[2025-02-04 23:57:21] INFO services [OTP_DEBUG] Message content: ZUWARA: Your phone verification code is: 964005. Do not share this code with anyone.
[2025-02-04 23:57:21] INFO services [OTP_DEBUG] Formatted number for sending: 555555555
[2025-02-04 23:57:21] INFO services [OTP_DEBUG] DEV MODE - SMS would be sent to 555555555
[2025-02-04 23:57:21] INFO services [OTP_DEBUG] DEV MODE - Message content: ZUWARA: Your phone verification code is: 964005. Do not share this code with anyone.
[2025-02-04 23:57:21] INFO services [DOCTOR_DEBUG] Created verification instance for test.doctor@alaqa.net
[04/Feb/2025 23:57:21] "POST /api/v1/doctors/register/initiate/ HTTP/1.1" 200 187
[2025-02-04 23:57:38] ERROR views [DOCTOR_DEBUG] Registration error: null value in column "account_holder_name" of relation "doctors_doctor" violates not-null constraint
DETAIL:  Failing row contains (4a172136-c7ca-4d8d-827b-1f1fdf16fd82, طبيب تجريبي, Test Doctor, male, test.doctor@alaqa.net, +966555555555, 5, consultant, arabic, TEST123456, نبذة عن الطبيب, Doctor profile, pending, , null, null, null, 2025-02-04 23:57:38.627829+00, 2025-02-04 23:57:38.627835+00, , null, null, doctors/licenses/test_license.pdf, doctors/qualifications/test_qualification.pdf, null, t, f, f).
Bad Request: /api/v1/doctors/register/verify/
[2025-02-04 23:57:38] WARNING log Bad Request: /api/v1/doctors/register/verify/
[04/Feb/2025 23:57:38] "POST /api/v1/doctors/register/verify/ HTTP/1.1" 400 567
[2025-02-04 23:57:48] ERROR views [DOCTOR_DEBUG] Registration validation error: {'verification_id': [ErrorDetail(string='Invalid or expired verification', code='invalid')]}
Bad Request: /api/v1/doctors/register/verify/
[2025-02-04 23:57:48] WARNING log Bad Request: /api/v1/doctors/register/verify/
[04/Feb/2025 23:57:48] "POST /api/v1/doctors/register/verify/ HTTP/1.1" 400 112
[2025-02-04 23:57:55] INFO services [OTP_DEBUG] Generated OTP code: 705147
[2025-02-04 23:57:55] INFO services [OTP_DEBUG] Attempting to send SMS to 966555555555
[2025-02-04 23:57:55] INFO services [OTP_DEBUG] Message content: ZUWARA: Your phone verification code is: 705147. Do not share this code with anyone.
[2025-02-04 23:57:55] INFO services [OTP_DEBUG] Formatted number for sending: 555555555
[2025-02-04 23:57:55] INFO services [OTP_DEBUG] DEV MODE - SMS would be sent to 555555555
[2025-02-04 23:57:55] INFO services [OTP_DEBUG] DEV MODE - Message content: ZUWARA: Your phone verification code is: 705147. Do not share this code with anyone.
[2025-02-04 23:57:55] INFO services [DOCTOR_DEBUG] Created verification instance for test.doctor@alaqa.net
[04/Feb/2025 23:57:55] "POST /api/v1/doctors/register/initiate/ HTTP/1.1" 200 187
[2025-02-04 23:58:12] ERROR views [DOCTOR_DEBUG] Registration error: null value in column "account_holder_name" of relation "doctors_doctor" violates not-null constraint
DETAIL:  Failing row contains (e6c62901-d3b6-4976-bb09-6698501b3df9, طبيب تجريبي, Test Doctor, male, test.doctor@alaqa.net, +966555555555, 5, consultant, arabic, TEST123456, نبذة عن الطبيب, Doctor profile, pending, , null, null, null, 2025-02-04 23:58:12.801271+00, 2025-02-04 23:58:12.801277+00, , null, null, doctors/licenses/test_license_4Egge1g.pdf, doctors/qualifications/test_qualification_xsfrpks.pdf, null, t, f, f).
Bad Request: /api/v1/doctors/register/verify/
[2025-02-04 23:58:12] WARNING log Bad Request: /api/v1/doctors/register/verify/
[04/Feb/2025 23:58:12] "POST /api/v1/doctors/register/verify/ HTTP/1.1" 400 583
/Users/babarsultan/Documents/alaqa/alaqa-python/doctors/serializers.py changed, reloading.
[2025-02-04 23:58:53] INFO autoreload /Users/babarsultan/Documents/alaqa/alaqa-python/doctors/serializers.py changed, reloading.
Performing system checks...

System check identified no issues (0 silenced).
February 04, 2025 - 23:56:03
Django version 5.0.1, using settings 'config.settings'
Starting development server at http://127.0.0.1:8000/
Quit the server with CONTROL-C.

Watching for file changes with StatReloader
[2025-02-04 23:58:53] INFO autoreload Watching for file changes with StatReloader
[2025-02-04 23:58:59] INFO services [OTP_DEBUG] Generated OTP code: 083440
[2025-02-04 23:58:59] INFO services [OTP_DEBUG] Attempting to send SMS to 966555555555
[2025-02-04 23:58:59] INFO services [OTP_DEBUG] Message content: ZUWARA: Your phone verification code is: 083440. Do not share this code with anyone.
[2025-02-04 23:58:59] INFO services [OTP_DEBUG] Formatted number for sending: 555555555
[2025-02-04 23:58:59] INFO services [OTP_DEBUG] DEV MODE - SMS would be sent to 555555555
[2025-02-04 23:58:59] INFO services [OTP_DEBUG] DEV MODE - Message content: ZUWARA: Your phone verification code is: 083440. Do not share this code with anyone.
[2025-02-04 23:58:59] INFO services [DOCTOR_DEBUG] Created verification instance for test.doctor@alaqa.net
[04/Feb/2025 23:58:59] "POST /api/v1/doctors/register/initiate/ HTTP/1.1" 200 187
[2025-02-04 23:59:19] ERROR views [DOCTOR_DEBUG] Registration error: null value in column "account_holder_name" of relation "doctors_doctor" violates not-null constraint
DETAIL:  Failing row contains (541db4a7-92cc-4fb5-9b20-54d153359933, طبيب تجريبي, Test Doctor, male, test.doctor@alaqa.net, +966555555555, 5, consultant, arabic, TEST123456, نبذة عن الطبيب, Doctor profile, pending, , null, null, null, 2025-02-04 23:59:19.474058+00, 2025-02-04 23:59:19.474067+00, , null, null, doctors/licenses/test_license_CqGGgck.pdf, doctors/qualifications/test_qualification_p1MaVqA.pdf, null, t, f, f).
Bad Request: /api/v1/doctors/register/verify/
[2025-02-04 23:59:19] WARNING log Bad Request: /api/v1/doctors/register/verify/
[04/Feb/2025 23:59:19] "POST /api/v1/doctors/register/verify/ HTTP/1.1" 400 583
/Users/babarsultan/Documents/alaqa/alaqa-python/doctors/serializers.py changed, reloading.
[2025-02-04 23:59:43] INFO autoreload /Users/babarsultan/Documents/alaqa/alaqa-python/doctors/serializers.py changed, reloading.
Performing system checks...

System check identified no issues (0 silenced).
February 04, 2025 - 23:58:53
Django version 5.0.1, using settings 'config.settings'
Starting development server at http://127.0.0.1:8000/
Quit the server with CONTROL-C.

Watching for file changes with StatReloader
[2025-02-04 23:59:43] INFO autoreload Watching for file changes with StatReloader
[2025-02-04 23:59:53] INFO services [OTP_DEBUG] Generated OTP code: 742293
[2025-02-04 23:59:53] INFO services [OTP_DEBUG] Attempting to send SMS to 966555555555
[2025-02-04 23:59:53] INFO services [OTP_DEBUG] Message content: ZUWARA: Your phone verification code is: 742293. Do not share this code with anyone.
[2025-02-04 23:59:53] INFO services [OTP_DEBUG] Formatted number for sending: 555555555
[2025-02-04 23:59:53] INFO services [OTP_DEBUG] DEV MODE - SMS would be sent to 555555555
[2025-02-04 23:59:53] INFO services [OTP_DEBUG] DEV MODE - Message content: ZUWARA: Your phone verification code is: 742293. Do not share this code with anyone.
[2025-02-04 23:59:53] INFO services [DOCTOR_DEBUG] Created verification instance for test.doctor@alaqa.net
[04/Feb/2025 23:59:53] "POST /api/v1/doctors/register/initiate/ HTTP/1.1" 200 187
[2025-02-05 00:00:25] ERROR views [DOCTOR_DEBUG] Registration error: null value in column "account_holder_name" of relation "doctors_doctor" violates not-null constraint
DETAIL:  Failing row contains (431349c3-78b3-45f5-93a1-4b9bf153c3da, طبيب تجريبي, Test Doctor, male, test.doctor@alaqa.net, +966555555555, 5, consultant, arabic, TEST123456, نبذة عن الطبيب, Doctor profile, pending, , null, null, null, 2025-02-05 00:00:25.18253+00, 2025-02-05 00:00:25.182535+00, , null, null, doctors/licenses/test_license_stDVJDA.pdf, doctors/qualifications/test_qualification_ZlXNebl.pdf, null, t, f, f).
Bad Request: /api/v1/doctors/register/verify/
[2025-02-05 00:00:25] WARNING log Bad Request: /api/v1/doctors/register/verify/
[05/Feb/2025 00:00:25] "POST /api/v1/doctors/register/verify/ HTTP/1.1" 400 582
/Users/babarsultan/Documents/alaqa/alaqa-python/doctors/serializers.py changed, reloading.
[2025-02-05 00:01:44] INFO autoreload /Users/babarsultan/Documents/alaqa/alaqa-python/doctors/serializers.py changed, reloading.
Performing system checks...

System check identified no issues (0 silenced).
February 04, 2025 - 23:59:43
Django version 5.0.1, using settings 'config.settings'
Starting development server at http://127.0.0.1:8000/
Quit the server with CONTROL-C.

Watching for file changes with StatReloader
[2025-02-05 00:01:44] INFO autoreload Watching for file changes with StatReloader
/Users/babarsultan/Documents/alaqa/alaqa-python/doctors/models.py changed, reloading.
[2025-02-05 00:06:04] INFO autoreload /Users/babarsultan/Documents/alaqa/alaqa-python/doctors/models.py changed, reloading.
Performing system checks...

System check identified no issues (0 silenced).
February 05, 2025 - 00:01:44
Django version 5.0.1, using settings 'config.settings'
Starting development server at http://127.0.0.1:8000/
Quit the server with CONTROL-C.

Watching for file changes with StatReloader
[2025-02-05 00:06:04] INFO autoreload Watching for file changes with StatReloader
/Users/babarsultan/Documents/alaqa/alaqa-python/doctors/migrations/0013_fix_bank_details_constraints.py changed, reloading.
[2025-02-05 00:06:44] INFO autoreload /Users/babarsultan/Documents/alaqa/alaqa-python/doctors/migrations/0013_fix_bank_details_constraints.py changed, reloading.
Performing system checks...

System check identified no issues (0 silenced).

You have 1 unapplied migration(s). Your project may not work properly until you apply the migrations for app(s): doctors.
Run 'python manage.py migrate' to apply them.
February 05, 2025 - 00:06:04
Django version 5.0.1, using settings 'config.settings'
Starting development server at http://127.0.0.1:8000/
Quit the server with CONTROL-C.

Watching for file changes with StatReloader
[2025-02-05 00:06:45] INFO autoreload Watching for file changes with StatReloader
[2025-02-05 00:08:30] INFO services [OTP_DEBUG] Generated OTP code: 585396
[2025-02-05 00:08:30] INFO services [OTP_DEBUG] Attempting to send SMS to 966555555555
[2025-02-05 00:08:30] INFO services [OTP_DEBUG] Message content: ZUWARA: Your phone verification code is: 585396. Do not share this code with anyone.
[2025-02-05 00:08:30] INFO services [OTP_DEBUG] Formatted number for sending: 555555555
[2025-02-05 00:08:30] INFO services [OTP_DEBUG] DEV MODE - SMS would be sent to 555555555
[2025-02-05 00:08:30] INFO services [OTP_DEBUG] DEV MODE - Message content: ZUWARA: Your phone verification code is: 585396. Do not share this code with anyone.
[2025-02-05 00:08:30] INFO services [DOCTOR_DEBUG] Created verification instance for test.doctor@alaqa.net
[05/Feb/2025 00:08:30] "POST /api/v1/doctors/register/initiate/ HTTP/1.1" 200 187
[2025-02-05 00:08:55] ERROR views [DOCTOR_DEBUG] Registration validation error: {'license_document': [ErrorDetail(string='No file was submitted.', code='required')], 'qualification_document': [ErrorDetail(string='No file was submitted.', code='required')]}
Bad Request: /api/v1/doctors/register/verify/
[2025-02-05 00:08:55] WARNING log Bad Request: /api/v1/doctors/register/verify/
[05/Feb/2025 00:08:55] "POST /api/v1/doctors/register/verify/ HTTP/1.1" 400 156
[2025-02-05 00:09:05] ERROR views [DOCTOR_DEBUG] Registration validation error: {'verification_id': [ErrorDetail(string='Invalid or expired verification', code='invalid')]}
Bad Request: /api/v1/doctors/register/verify/
[2025-02-05 00:09:05] WARNING log Bad Request: /api/v1/doctors/register/verify/
[05/Feb/2025 00:09:05] "POST /api/v1/doctors/register/verify/ HTTP/1.1" 400 112
[2025-02-05 00:09:11] INFO services [OTP_DEBUG] Generated OTP code: 743841
[2025-02-05 00:09:11] INFO services [OTP_DEBUG] Attempting to send SMS to 966555555555
[2025-02-05 00:09:11] INFO services [OTP_DEBUG] Message content: ZUWARA: Your phone verification code is: 743841. Do not share this code with anyone.
[2025-02-05 00:09:11] INFO services [OTP_DEBUG] Formatted number for sending: 555555555
[2025-02-05 00:09:11] INFO services [OTP_DEBUG] DEV MODE - SMS would be sent to 555555555
[2025-02-05 00:09:11] INFO services [OTP_DEBUG] DEV MODE - Message content: ZUWARA: Your phone verification code is: 743841. Do not share this code with anyone.
[2025-02-05 00:09:11] INFO services [DOCTOR_DEBUG] Created verification instance for test.doctor@alaqa.net
[05/Feb/2025 00:09:11] "POST /api/v1/doctors/register/initiate/ HTTP/1.1" 200 187
[2025-02-05 00:09:31] ERROR views [DOCTOR_DEBUG] Registration validation error: {'specialities': [ErrorDetail(string='One or more specialities do not exist.', code='invalid')]}
Bad Request: /api/v1/doctors/register/verify/
[2025-02-05 00:09:31] WARNING log Bad Request: /api/v1/doctors/register/verify/
[05/Feb/2025 00:09:31] "POST /api/v1/doctors/register/verify/ HTTP/1.1" 400 116
[2025-02-05 00:09:56] ERROR views [DOCTOR_DEBUG] Registration validation error: {'verification_id': [ErrorDetail(string='Invalid or expired verification', code='invalid')]}
Bad Request: /api/v1/doctors/register/verify/
[2025-02-05 00:09:56] WARNING log Bad Request: /api/v1/doctors/register/verify/
[05/Feb/2025 00:09:56] "POST /api/v1/doctors/register/verify/ HTTP/1.1" 400 112
[2025-02-05 00:10:04] INFO services [OTP_DEBUG] Generated OTP code: 407912
[2025-02-05 00:10:04] INFO services [OTP_DEBUG] Attempting to send SMS to 966555555555
[2025-02-05 00:10:04] INFO services [OTP_DEBUG] Message content: ZUWARA: Your phone verification code is: 407912. Do not share this code with anyone.
[2025-02-05 00:10:04] INFO services [OTP_DEBUG] Formatted number for sending: 555555555
[2025-02-05 00:10:04] INFO services [OTP_DEBUG] DEV MODE - SMS would be sent to 555555555
[2025-02-05 00:10:04] INFO services [OTP_DEBUG] DEV MODE - Message content: ZUWARA: Your phone verification code is: 407912. Do not share this code with anyone.
[2025-02-05 00:10:04] INFO services [DOCTOR_DEBUG] Created verification instance for test.doctor@alaqa.net
[05/Feb/2025 00:10:04] "POST /api/v1/doctors/register/initiate/ HTTP/1.1" 200 187
[2025-02-05 00:10:22] ERROR views [DOCTOR_DEBUG] Registration error: 'DoctorBankDetails' object has no attribute 'filter'
Bad Request: /api/v1/doctors/register/verify/
[2025-02-05 00:10:22] WARNING log Bad Request: /api/v1/doctors/register/verify/
[05/Feb/2025 00:10:22] "POST /api/v1/doctors/register/verify/ HTTP/1.1" 400 83
/Users/babarsultan/Documents/alaqa/alaqa-python/doctors/models.py changed, reloading.
[2025-02-05 00:10:39] INFO autoreload /Users/babarsultan/Documents/alaqa/alaqa-python/doctors/models.py changed, reloading.
Performing system checks...

System check identified no issues (0 silenced).

You have 1 unapplied migration(s). Your project may not work properly until you apply the migrations for app(s): doctors.
Run 'python manage.py migrate' to apply them.
February 05, 2025 - 00:06:45
Django version 5.0.1, using settings 'config.settings'
Starting development server at http://127.0.0.1:8000/
Quit the server with CONTROL-C.

Watching for file changes with StatReloader
[2025-02-05 00:10:40] INFO autoreload Watching for file changes with StatReloader
/Users/babarsultan/Documents/alaqa/alaqa-python/doctors/models.py changed, reloading.
[2025-02-05 00:10:41] INFO autoreload /Users/babarsultan/Documents/alaqa/alaqa-python/doctors/models.py changed, reloading.
Performing system checks...

System check identified no issues (0 silenced).
February 05, 2025 - 00:10:40
Django version 5.0.1, using settings 'config.settings'
Starting development server at http://127.0.0.1:8000/
Quit the server with CONTROL-C.

Watching for file changes with StatReloader
[2025-02-05 00:10:41] INFO autoreload Watching for file changes with StatReloader
Performing system checks...

System check identified no issues (0 silenced).
February 05, 2025 - 00:10:41
Django version 5.0.1, using settings 'config.settings'
Starting development server at http://127.0.0.1:8000/
Quit the server with CONTROL-C.

